<!DOCTYPE html>
<html>
<head>
    <title>Unittest Results</title>
    <meta charset="utf-8">
    <meta name="viewport" content="width=device-width, initial-scale=1.0">
    <link rel="stylesheet" href="https://maxcdn.bootstrapcdn.com/bootstrap/3.3.6/css/bootstrap.min.css" integrity="sha384-1q8mTJOASx8j1Au+a5WDVnPi2lkFfwwEAa8hDDdjZlpLegxhjVME1fgjWPGmkzs7" crossorigin="anonymous">
</head>
<body>
    <div class="container">
        <div class="row">
            <div class="col-xs-12">
                <h2 class="text-capitalize">Unittest Results</h2>
                <p class='attribute'><strong>Start Time: </strong>2020-01-13 18:47:40</p>
                <p class='attribute'><strong>Duration: </strong>15.30 s</p>
                <p class='attribute'><strong>Summary: </strong>Total: 2, Pass: 0, Error: 2</p>
            </div>
        </div>
        <div class="row">
            <div class="col-xs-12 col-sm-10 col-md-10">
                <table class='table table-hover table-responsive'>
                    <thead>
                        <tr>
                            <th>__main__.WoovlyTest</th>
                            <th>Status</th>
                            <th></th>
                        </tr>
                    </thead>
                    <tbody>
                        <tr class='warning'>
                            <td class="col-xs-10">test_SearchAfterLogin</td>
                            <td class="col-xs-1">
                                <span class="label label-warning" style="display:block;width:40px;">Error</span>
                            </td>
                            <td class="col-xs-1">
                                <button class="btn btn-default btn-xs">View</button>
                            </td>
                        </tr>
                        <tr style="display:none;">
                            <td class="col-xs-9" colspan="3"><p style="color:maroon;">TimeoutException: Message: 
</p><p style="color:maroon;">Traceback (most recent call last):
  File "/home/venky/PycharmProjects/WoovlyTestingSelenium/Test1/WoovlySearchTest.py", line 37, in test_SearchAfterLogin
    wait(self.driver, 10).until(EC.element_to_be_clickable((By.XPATH, "//span[test()='Already a Member? Login']"))).click()
  File "/home/venky/PycharmProjects/WoovlyTestingSelenium/venv/lib/python3.6/site-packages/selenium/webdriver/support/wait.py", line 80, in until
    raise TimeoutException(message, screen, stacktrace)
selenium.common.exceptions.TimeoutException: Message: 

</p>
                            </td>
                        </tr>
                        <tr class='warning'>
                            <td class="col-xs-10">test_login</td>
                            <td class="col-xs-1">
                                <span class="label label-warning" style="display:block;width:40px;">Error</span>
                            </td>
                            <td class="col-xs-1">
                                <button class="btn btn-default btn-xs">View</button>
                            </td>
                        </tr>
                        <tr style="display:none;">
                            <td class="col-xs-9" colspan="3"><p style="color:maroon;">ElementClickInterceptedException: Message: element click intercepted: Element <span>...</span> is not clickable at point (1784, 32). Other element would receive the click: <div class="overlaySh" id="overlayLogin" onclick="closeAddPopMob()" style="display: block; opacity: 1;"></div>
  (Session info: chrome=79.0.3945.117)
</p><p style="color:maroon;">Traceback (most recent call last):
  File "/home/venky/PycharmProjects/WoovlyTestingSelenium/Test1/WoovlySearchTest.py", line 48, in test_login
    wait(self.driver, 5).until(EC.element_to_be_clickable((By.XPATH, "//span[text()='Sign Up/']"))).click()
  File "/home/venky/PycharmProjects/WoovlyTestingSelenium/venv/lib/python3.6/site-packages/selenium/webdriver/remote/webelement.py", line 80, in click
    self._execute(Command.CLICK_ELEMENT)
  File "/home/venky/PycharmProjects/WoovlyTestingSelenium/venv/lib/python3.6/site-packages/selenium/webdriver/remote/webelement.py", line 633, in _execute
    return self._parent.execute(command, params)
  File "/home/venky/PycharmProjects/WoovlyTestingSelenium/venv/lib/python3.6/site-packages/selenium/webdriver/remote/webdriver.py", line 321, in execute
    self.error_handler.check_response(response)
  File "/home/venky/PycharmProjects/WoovlyTestingSelenium/venv/lib/python3.6/site-packages/selenium/webdriver/remote/errorhandler.py", line 242, in check_response
    raise exception_class(message, screen, stacktrace)
selenium.common.exceptions.ElementClickInterceptedException: Message: element click intercepted: Element <span>...</span> is not clickable at point (1784, 32). Other element would receive the click: <div class="overlaySh" id="overlayLogin" onclick="closeAddPopMob()" style="display: block; opacity: 1;"></div>
  (Session info: chrome=79.0.3945.117)

</p>
                            </td>
                        </tr>
                        <tr>
                            <td colspan="3">
                                Total: 2, Pass: 0, Error: 2 -- Duration: 15.30 s
                            </td>
                        </tr>
                    </tbody>
                </table>
            </div>
        </div>
    </div>
    <script src="https://ajax.googleapis.com/ajax/libs/jquery/2.2.4/jquery.min.js"></script>
    <script type="text/javascript">
        $(document).ready(function(){
            $('td').on('click', '.btn', function(e){
                e.preventDefault();
                e.stopImmediatePropagation();
                var $this = $(this);
                var $nextRow = $this.closest('tr').next('tr');
                $nextRow.slideToggle("fast");
                $this.text(function(i, text){
                    if (text === 'View') {
                        return 'Hide';
                    } else {
                        return 'View';
                    };
                });
            });
        });
    </script>
</body>
</html